<?xml version="1.0" encoding="UTF-8"?>
<!-- Generated by org.testng.reporters.JUnitXMLReporter -->
<testsuite ignored="0" hostname="LAPTOP-P1V0BM9T" failures="1" tests="1" name="Chrome Test" time="27.689" errors="0" timestamp="2025-02-21T16:28:06 IST">
  <testcase classname="TestSuite.FunctionalCases" name="Weeks52LowAndHighValuesValidationTest" time="13.841">
    <failure type="java.lang.AssertionError" message="The following asserts failed:
	Weeks52LowAndHighValuesValidationTest - Assertion is failed : actual is - 667.05 not as expected : 675.10">
      <![CDATA[java.lang.AssertionError: The following asserts failed:
Weeks52LowAndHighValuesValidationTest - Assertion is failed : actual is - 667.05 not as expected : 675.10
at TestSuite.FunctionalCases.Weeks52LowAndHighValuesValidationTest(FunctionalCases.java:26)
at java.base/java.util.ArrayList.forEach(ArrayList.java:1541)
at java.base/java.util.concurrent.FutureTask.run(FutureTask.java:264)
at java.base/java.util.concurrent.ThreadPoolExecutor.runWorker(ThreadPoolExecutor.java:1128)
at java.base/java.util.concurrent.ThreadPoolExecutor$Worker.run(ThreadPoolExecutor.java:628)
at java.base/java.lang.Thread.run(Thread.java:829)
... Removed 19 stack frames]]>
    </failure>
  </testcase> <!-- Weeks52LowAndHighValuesValidationTest -->
</testsuite> <!-- Chrome Test -->
