<?xml version="1.0" encoding="UTF-8"?>
<testng-results ignored="0" total="2" passed="0" failed="2" skipped="0">
  <reporter-output>
  </reporter-output>
  <suite started-at="2025-02-21T16:27:38 IST" name="All Test Suite" finished-at="2025-02-21T16:28:08 IST" duration-ms="30794">
    <groups>
    </groups>
    <test started-at="2025-02-21T16:27:38 IST" name="Chrome Test" finished-at="2025-02-21T16:28:05 IST" duration-ms="27689">
      <class name="TestSuite.FunctionalCases">
        <test-method is-config="true" signature="logSet()[pri:0, instance:TestSuite.FunctionalCases@4f49f6af]" started-at="2025-02-21T16:27:38 IST" name="logSet" finished-at="2025-02-21T16:27:38 IST" duration-ms="172" status="PASS">
          <reporter-output>
          </reporter-output>
        </test-method> <!-- logSet -->
        <test-method is-config="true" signature="setUp(java.lang.String,org.testng.ITestResult)[pri:0, instance:TestSuite.FunctionalCases@4f49f6af]" started-at="2025-02-21T16:27:38 IST" name="setUp" finished-at="2025-02-21T16:27:50 IST" duration-ms="11885" status="PASS">
          <params>
            <param index="0">
              <value>
                <![CDATA[chrome]]>
              </value>
            </param>
            <param index="1">
              <value>
                <![CDATA[[TestResult name={null} status=CREATED method=FunctionalCases.Weeks52LowAndHighValuesValidationTest()[pri:0, instance:TestSuite.FunctionalCases@4f49f6af] output={null}]]]>
              </value>
            </param>
          </params>
          <reporter-output>
          </reporter-output>
        </test-method> <!-- setUp -->
        <test-method signature="Weeks52LowAndHighValuesValidationTest()[pri:0, instance:TestSuite.FunctionalCases@4f49f6af]" started-at="2025-02-21T16:27:50 IST" name="Weeks52LowAndHighValuesValidationTest" finished-at="2025-02-21T16:28:04 IST" duration-ms="13841" status="FAIL">
          <exception class="java.lang.AssertionError">
            <message>
              <![CDATA[The following asserts failed:
Weeks52LowAndHighValuesValidationTest - Assertion is failed : actual is - 667.05 not as expected : 675.10]]>
            </message>
            <full-stacktrace>
              <![CDATA[java.lang.AssertionError: The following asserts failed:
Weeks52LowAndHighValuesValidationTest - Assertion is failed : actual is - 667.05 not as expected : 675.10
at org.testng.asserts.SoftAssert.assertAll(SoftAssert.java:46)
at org.testng.asserts.SoftAssert.assertAll(SoftAssert.java:30)
at TestSuite.FunctionalCases.Weeks52LowAndHighValuesValidationTest(FunctionalCases.java:26)
at java.base/jdk.internal.reflect.NativeMethodAccessorImpl.invoke0(Native Method)
at java.base/jdk.internal.reflect.NativeMethodAccessorImpl.invoke(NativeMethodAccessorImpl.java:62)
at java.base/jdk.internal.reflect.DelegatingMethodAccessorImpl.invoke(DelegatingMethodAccessorImpl.java:43)
at java.base/java.lang.reflect.Method.invoke(Method.java:566)
at org.testng.internal.invokers.MethodInvocationHelper.invokeMethod(MethodInvocationHelper.java:141)
at org.testng.internal.invokers.TestInvoker.invokeMethod(TestInvoker.java:686)
at org.testng.internal.invokers.TestInvoker.invokeTestMethod(TestInvoker.java:230)
at org.testng.internal.invokers.MethodRunner.runInSequence(MethodRunner.java:63)
at org.testng.internal.invokers.TestInvoker$MethodInvocationAgent.invoke(TestInvoker.java:992)
at org.testng.internal.invokers.TestInvoker.invokeTestMethods(TestInvoker.java:203)
at org.testng.internal.invokers.TestMethodWorker.invokeTestMethods(TestMethodWorker.java:154)
at org.testng.internal.invokers.TestMethodWorker.run(TestMethodWorker.java:134)
at java.base/java.util.ArrayList.forEach(ArrayList.java:1541)
at org.testng.TestRunner.privateRun(TestRunner.java:739)
at org.testng.TestRunner.run(TestRunner.java:614)
at org.testng.SuiteRunner.runTest(SuiteRunner.java:421)
at org.testng.SuiteRunner$SuiteWorker.run(SuiteRunner.java:463)
at org.testng.internal.thread.ThreadUtil.lambda$execute$0(ThreadUtil.java:64)
at java.base/java.util.concurrent.FutureTask.run(FutureTask.java:264)
at java.base/java.util.concurrent.ThreadPoolExecutor.runWorker(ThreadPoolExecutor.java:1128)
at java.base/java.util.concurrent.ThreadPoolExecutor$Worker.run(ThreadPoolExecutor.java:628)
at java.base/java.lang.Thread.run(Thread.java:829)
]]>
            </full-stacktrace>
          </exception> <!-- java.lang.AssertionError -->
          <reporter-output>
          </reporter-output>
        </test-method> <!-- Weeks52LowAndHighValuesValidationTest -->
        <test-method is-config="true" signature="tearDown(org.testng.ITestResult)[pri:0, instance:TestSuite.FunctionalCases@4f49f6af]" started-at="2025-02-21T16:28:04 IST" name="tearDown" finished-at="2025-02-21T16:28:05 IST" duration-ms="1468" status="PASS">
          <params>
            <param index="0">
              <value>
                <![CDATA[[TestResult name=Weeks52LowAndHighValuesValidationTest status=FAILURE method=FunctionalCases.Weeks52LowAndHighValuesValidationTest()[pri:0, instance:TestSuite.FunctionalCases@4f49f6af] output={null}]]]>
              </value>
            </param>
          </params>
          <reporter-output>
          </reporter-output>
        </test-method> <!-- tearDown -->
      </class> <!-- TestSuite.FunctionalCases -->
    </test> <!-- Chrome Test -->
    <test started-at="2025-02-21T16:27:38 IST" name="Edge Test" finished-at="2025-02-21T16:28:08 IST" duration-ms="30779">
      <class name="TestSuite.FunctionalCases">
        <test-method is-config="true" signature="beforeSuite()[pri:0, instance:TestSuite.FunctionalCases@18317edc]" started-at="2025-02-21T16:27:38 IST" name="beforeSuite" finished-at="2025-02-21T16:27:38 IST" duration-ms="31" status="PASS">
          <reporter-output>
          </reporter-output>
        </test-method> <!-- beforeSuite -->
        <test-method is-config="true" signature="logSet()[pri:0, instance:TestSuite.FunctionalCases@18317edc]" started-at="2025-02-21T16:27:38 IST" name="logSet" finished-at="2025-02-21T16:27:38 IST" duration-ms="172" status="PASS">
          <reporter-output>
          </reporter-output>
        </test-method> <!-- logSet -->
        <test-method is-config="true" signature="setUp(java.lang.String,org.testng.ITestResult)[pri:0, instance:TestSuite.FunctionalCases@18317edc]" started-at="2025-02-21T16:27:38 IST" name="setUp" finished-at="2025-02-21T16:27:55 IST" duration-ms="17330" status="PASS">
          <params>
            <param index="0">
              <value>
                <![CDATA[edge]]>
              </value>
            </param>
            <param index="1">
              <value>
                <![CDATA[[TestResult name={null} status=CREATED method=FunctionalCases.Weeks52LowAndHighValuesValidationTest()[pri:0, instance:TestSuite.FunctionalCases@18317edc] output={null}]]]>
              </value>
            </param>
          </params>
          <reporter-output>
          </reporter-output>
        </test-method> <!-- setUp -->
        <test-method signature="Weeks52LowAndHighValuesValidationTest()[pri:0, instance:TestSuite.FunctionalCases@18317edc]" started-at="2025-02-21T16:27:55 IST" name="Weeks52LowAndHighValuesValidationTest" finished-at="2025-02-21T16:28:08 IST" duration-ms="12683" status="FAIL">
          <exception class="java.lang.AssertionError">
            <message>
              <![CDATA[The following asserts failed:
Weeks52LowAndHighValuesValidationTest - Assertion is failed : actual is - 667.05 not as expected : 675.10]]>
            </message>
            <full-stacktrace>
              <![CDATA[java.lang.AssertionError: The following asserts failed:
Weeks52LowAndHighValuesValidationTest - Assertion is failed : actual is - 667.05 not as expected : 675.10
at org.testng.asserts.SoftAssert.assertAll(SoftAssert.java:46)
at org.testng.asserts.SoftAssert.assertAll(SoftAssert.java:30)
at TestSuite.FunctionalCases.Weeks52LowAndHighValuesValidationTest(FunctionalCases.java:26)
at java.base/jdk.internal.reflect.NativeMethodAccessorImpl.invoke0(Native Method)
at java.base/jdk.internal.reflect.NativeMethodAccessorImpl.invoke(NativeMethodAccessorImpl.java:62)
at java.base/jdk.internal.reflect.DelegatingMethodAccessorImpl.invoke(DelegatingMethodAccessorImpl.java:43)
at java.base/java.lang.reflect.Method.invoke(Method.java:566)
at org.testng.internal.invokers.MethodInvocationHelper.invokeMethod(MethodInvocationHelper.java:141)
at org.testng.internal.invokers.TestInvoker.invokeMethod(TestInvoker.java:686)
at org.testng.internal.invokers.TestInvoker.invokeTestMethod(TestInvoker.java:230)
at org.testng.internal.invokers.MethodRunner.runInSequence(MethodRunner.java:63)
at org.testng.internal.invokers.TestInvoker$MethodInvocationAgent.invoke(TestInvoker.java:992)
at org.testng.internal.invokers.TestInvoker.invokeTestMethods(TestInvoker.java:203)
at org.testng.internal.invokers.TestMethodWorker.invokeTestMethods(TestMethodWorker.java:154)
at org.testng.internal.invokers.TestMethodWorker.run(TestMethodWorker.java:134)
at java.base/java.util.ArrayList.forEach(ArrayList.java:1541)
at org.testng.TestRunner.privateRun(TestRunner.java:739)
at org.testng.TestRunner.run(TestRunner.java:614)
at org.testng.SuiteRunner.runTest(SuiteRunner.java:421)
at org.testng.SuiteRunner$SuiteWorker.run(SuiteRunner.java:463)
at org.testng.internal.thread.ThreadUtil.lambda$execute$0(ThreadUtil.java:64)
at java.base/java.util.concurrent.FutureTask.run(FutureTask.java:264)
at java.base/java.util.concurrent.ThreadPoolExecutor.runWorker(ThreadPoolExecutor.java:1128)
at java.base/java.util.concurrent.ThreadPoolExecutor$Worker.run(ThreadPoolExecutor.java:628)
at java.base/java.lang.Thread.run(Thread.java:829)
]]>
            </full-stacktrace>
          </exception> <!-- java.lang.AssertionError -->
          <reporter-output>
          </reporter-output>
        </test-method> <!-- Weeks52LowAndHighValuesValidationTest -->
        <test-method is-config="true" signature="tearDown(org.testng.ITestResult)[pri:0, instance:TestSuite.FunctionalCases@18317edc]" started-at="2025-02-21T16:28:08 IST" name="tearDown" finished-at="2025-02-21T16:28:08 IST" duration-ms="364" status="PASS">
          <params>
            <param index="0">
              <value>
                <![CDATA[[TestResult name=Weeks52LowAndHighValuesValidationTest status=FAILURE method=FunctionalCases.Weeks52LowAndHighValuesValidationTest()[pri:0, instance:TestSuite.FunctionalCases@18317edc] output={null}]]]>
              </value>
            </param>
          </params>
          <reporter-output>
          </reporter-output>
        </test-method> <!-- tearDown -->
      </class> <!-- TestSuite.FunctionalCases -->
    </test> <!-- Edge Test -->
  </suite> <!-- All Test Suite -->
</testng-results>
